<?xml version="1.0" encoding="UTF-8"?>
<testsuite name="com.app.mystore.service.AutomateScheduleGenerationImplTest" tests="1" skipped="0" failures="0" errors="0" timestamp="2020-07-18T23:04:09" hostname="Parths-MacBook-Air.local" time="0.037">
  <properties/>
  <testcase name="generateMetrices()" classname="com.app.mystore.service.AutomateScheduleGenerationImplTest" time="0.037"/>
  <system-out><![CDATA[]]></system-out>
  <system-err><![CDATA[]]></system-err>
</testsuite>
